2023-09-18 05:29:15,742 - Connection Request sent successfully to http://www.linkedin.com/in/jennifer-teller-shrm-cp-a0970938
2023-09-18 07:23:04,666 - Connection Request sent successfully to http://www.linkedin.com/in/jennifer-susor-phr-shrm-cp-mba-b3828232
2023-09-19 12:20:24,276 - Connection Request sent successfully to http://www.linkedin.com/in/julierosenhr
2023-09-19 12:27:19,775 - Connection Request sent successfully to https://www.linkedin.com/in/harsh-rao-6a4b98276/
2023-09-19 12:33:23,880 - Connection Request sent successfully to https://www.linkedin.com/in/madhav-panchal-59b66b229/
2023-09-19 19:51:28,823 - Connection Request sent successfully to http://www.linkedin.com/in/beth-andersen-70780a1
2023-09-19 19:51:36,648 - Connection Request sent successfully to http://www.linkedin.com/in/rtallen
2023-09-19 19:51:42,210 - Connection Request sent successfully to http://www.linkedin.com/in/bailie-capen-96a908137
2023-09-19 19:51:48,740 - Connection Request sent successfully to http://www.linkedin.com/in/michelle-bailey-687b266
2023-09-19 19:51:54,092 - Connection Request sent successfully to http://www.linkedin.com/in/bobbi-lynn-marshall-48963446
2023-09-19 19:52:02,878 - Connection Request sent successfully to http://www.linkedin.com/in/ann-york-3947b421
2023-09-19 19:52:17,909 - Connection Request sent successfully to http://www.linkedin.com/in/alex-wopat-1a43b238
2023-09-19 19:52:25,245 - Connection Request sent successfully to http://www.linkedin.com/in/adam-wiszowaty-0079b013
2023-09-19 19:52:30,188 - Connection Request sent successfully to http://www.linkedin.com/in/alice-winkler-7357b3131
2023-09-19 19:52:43,968 - Connection Request sent successfully to http://www.linkedin.com/in/jairo-rondon-shrm-cp-61724b170
2023-09-19 19:52:49,363 - Connection Request sent successfully to http://www.linkedin.com/in/jaime-rodriguez-8bb75a35
2023-09-19 19:52:55,797 - Connection Request sent successfully to http://www.linkedin.com/in/jennifer-richert-b968527
2023-09-20 13:44:00,267 - Connection Request sent successfully to http://www.linkedin.com/in/fred-baker-82804968
2023-09-20 13:44:06,528 - Connection Request sent successfully to http://www.linkedin.com/in/faustina-shedlock-69850a4b
2023-09-20 13:44:12,979 - Connection Request sent successfully to http://www.linkedin.com/in/farrellredwine
2023-09-20 13:44:19,556 - Connection Request sent successfully to http://www.linkedin.com/in/feliciamcenroe
2023-09-20 13:44:27,869 - Connection Request sent successfully to http://www.linkedin.com/in/aelisha-eichman-39819925
2023-09-20 13:44:34,192 - Connection Request sent successfully to http://www.linkedin.com/in/aronsteven
2023-09-20 13:44:39,089 - Connection Request sent successfully to http://www.linkedin.com/in/adriennegroup
2023-09-20 13:44:44,731 - Connection Request sent successfully to http://www.linkedin.com/in/adriana-rosales-52244615
2023-09-20 13:44:49,774 - Connection Request sent successfully to http://www.linkedin.com/in/adrian-sanchez-a325a55
